Search path: c:/Users/Scott/Documents/GitHub/Final-project-Scott/Client/src/app/create-image
Config file name: c:/Users/Scott/Documents/GitHub/Final-project-Scott/Client/tsconfig.json
Angular Language Service: 7.2.8
TypeScript: 3.1.6
getTemplateReferences: 2177ms
Add recursive watcher for: c:/Users/Scott/Documents/GitHub/Final-project-Scott/Client
Opened configuration file c:/Users/Scott/Documents/GitHub/Final-project-Scott/Client/tsconfig.json
Search path: c:/Users/Scott/Documents/GitHub/Final-project-Scott/Client/src/app/image
Config file name: c:/Users/Scott/Documents/GitHub/Final-project-Scott/Client/tsconfig.json
getTemplateReferences: 0ms
getDiagnostics: 93ms
Search path: c:/Users/Scott/Documents/GitHub/Final-project-Scott/Client/src/app/create-image
Config file name: c:/Users/Scott/Documents/GitHub/Final-project-Scott/Client/tsconfig.json
getTemplateReferences: 98ms
getTemplateReferences: 0ms
getDiagnostics: 31ms
Search path: c:/Users/Scott/Documents/GitHub/Final-project-Scott/Client/src/app/front-page
Config file name: c:/Users/Scott/Documents/GitHub/Final-project-Scott/Client/tsconfig.json
getTemplateReferences: 0ms
getTemplateReferences: 0ms
getDiagnostics: 52ms
Search path: c:/Users/Scott/Documents/GitHub/Final-project-Scott/Client/src/app/front-page
Config file name: c:/Users/Scott/Documents/GitHub/Final-project-Scott/Client/tsconfig.json
getTemplateReferences: 0ms
getDiagnostics: 0ms
Search path: c:/Users/Scott/Documents/GitHub/Final-project-Scott/Client/src/app/front-page
Config file name: c:/Users/Scott/Documents/GitHub/Final-project-Scott/Client/tsconfig.json
getTemplateReferences: 0ms
getDiagnostics: 36ms
Search path: c:/Users/Scott/Documents/GitHub/Final-project-Scott/Client/src/app
Config file name: c:/Users/Scott/Documents/GitHub/Final-project-Scott/Client/tsconfig.json
getTemplateReferences: 85ms
getDiagnostics: 3ms
getDiagnostics: 21ms
updating project structure from ...
getTemplateReferences: 0ms
getTemplateReferences: 0ms
updated: ng - 17ms
getDiagnostics: 88ms
updating project structure from ...
getTemplateReferences: 0ms
getTemplateReferences: 0ms
updated: ng - 0ms
getDiagnostics: 22ms
updating project structure from ...
getTemplateReferences: 0ms
getTemplateReferences: 0ms
updated: ng - 23ms
getCompletions: 16ms
getCompletions: 22ms
getDiagnostics: 73ms
updating project structure from ...
getTemplateReferences: 0ms
getTemplateReferences: 0ms
updated: ng - 0ms
getDiagnostics: 20ms
getCompletions: 14ms
getCompletions: 21ms
getDiagnostics: 19ms
getDiagnostics: 25ms
getDiagnostics: 13ms
updating project structure from ...
getTemplateReferences: 0ms
getTemplateReferences: 0ms
updated: ng - 30ms
getDiagnostics: 108ms
updating project structure from ...
getTemplateReferences: 0ms
getTemplateReferences: 0ms
updated: ng - 0ms
getDiagnostics: 16ms
getDiagnostics: 40ms
updating project structure from ...
getTemplateReferences: 0ms
getTemplateReferences: 0ms
updated: ng - 19ms
getDiagnostics: 76ms
updating project structure from ...
getTemplateReferences: 0ms
getTemplateReferences: 0ms
updated: ng - 0ms
getCompletions: 16ms
getDiagnostics: 10ms
getDiagnostics: 27ms
updating project structure from ...
getTemplateReferences: 0ms
getTemplateReferences: 0ms
updated: ng - 16ms
getDiagnostics: 60ms
updating project structure from ...
getTemplateReferences: 0ms
getTemplateReferences: 0ms
updated: ng - 0ms
getCompletions: 13ms
getDiagnostics: 11ms
updating project structure from ...
getTemplateReferences: 0ms
getTemplateReferences: 0ms
updated: ng - 26ms
getDiagnostics: 96ms
getCompletions: 12ms
getDiagnostics: 2ms
getDiagnostics: 31ms
updating project structure from ...
getTemplateReferences: 0ms
getTemplateReferences: 0ms
updated: ng - 23ms
getDiagnostics: 63ms
getCompletions: 17ms
getDiagnostics: 4ms
getDiagnostics: 24ms
getDiagnostics: 93ms
updating project structure from ...
getTemplateReferences: 0ms
getTemplateReferences: 0ms
updated: ng - 18ms
getHoverAt: 0ms
getDiagnostics: 76ms
updating project structure from ...
getTemplateReferences: 0ms
getTemplateReferences: 0ms
updated: ng - 0ms
getCompletions: 19ms
getDiagnostics: 2ms
updating project structure from ...
getTemplateReferences: 0ms
getTemplateReferences: 0ms
updated: ng - 19ms
getDiagnostics: 79ms
updating project structure from ...
getTemplateReferences: 0ms
getTemplateReferences: 0ms
updated: ng - 0ms
Search path: c:/Users/Scott/Documents/GitHub/Final-project-Scott/Client/src/app/create-image
Config file name: c:/Users/Scott/Documents/GitHub/Final-project-Scott/Client/tsconfig.json
getTemplateReferences: 0ms
getDiagnostics: 0ms
getHoverAt: 33ms
Search path: c:/Users/Scott/Documents/GitHub/Final-project-Scott/Client/src/app
Config file name: c:/Users/Scott/Documents/GitHub/Final-project-Scott/Client/tsconfig.json
getTemplateReferences: 68ms
getDiagnostics: 6ms
Search path: c:/Users/Scott/Documents/GitHub/Final-project-Scott/Client/src/app/create-image
Config file name: c:/Users/Scott/Documents/GitHub/Final-project-Scott/Client/tsconfig.json
getTemplateReferences: 0ms
getDiagnostics: 3ms
getHoverAt: 1ms
Search path: c:/Users/Scott/Documents/GitHub/Final-project-Scott/Client/src/app
Config file name: c:/Users/Scott/Documents/GitHub/Final-project-Scott/Client/tsconfig.json
getTemplateReferences: 0ms
getDiagnostics: 8ms
getDiagnostics: 26ms
updating project structure from ...
getTemplateReferences: 0ms
getTemplateReferences: 0ms
updated: ng - 38ms
getDiagnostics: 70ms
updating project structure from ...
getTemplateReferences: 0ms
getTemplateReferences: 0ms
updated: ng - 0ms
getHoverAt: 0ms
getCompletions: 11ms
getDiagnostics: 25ms
updating project structure from ...
getTemplateReferences: 0ms
getTemplateReferences: 0ms
updated: ng - 27ms
Warning: Can't resolve all parameters for ImageService in c:/Users/Scott/Documents/GitHub/Final-project-Scott/Client/src/app/create-image/Image.service.ts: (?). This will become an error in Angular v6.x
getDiagnostics: 73ms
updating project structure from ...
getTemplateReferences: 0ms
getTemplateReferences: 0ms
updated: ng - 0ms
getHoverAt: 0ms
getHoverAt: 0ms
getCompletions: 26ms
getDiagnostics: 15ms
updating project structure from ...
Warning: Can't resolve all parameters for ImageService in c:/Users/Scott/Documents/GitHub/Final-project-Scott/Client/src/app/create-image/Image.service.ts: (?). This will become an error in Angular v6.x
getTemplateReferences: 0ms
getTemplateReferences: 0ms
updated: ng - 15ms
getHoverAt: 1ms
getHoverAt: 0ms
getHoverAt: 0ms
getHoverAt: 0ms
getHoverAt: 1ms
getHoverAt: 0ms
getCompletions: 25ms
getDiagnostics: 67ms
getCompletions: 19ms
getDiagnostics: 5ms
updating project structure from ...
getTemplateReferences: 0ms
getTemplateReferences: 0ms
updated: ng - 18ms
getCompletions: 25ms
getDiagnostics: 60ms
updating project structure from ...
getTemplateReferences: 0ms
getTemplateReferences: 0ms
updated: ng - 0ms
getCompletions: 14ms
getDiagnostics: 2ms
updating project structure from ...
getTemplateReferences: 0ms
getTemplateReferences: 0ms
updated: ng - 15ms
getCompletions: 15ms
getDiagnostics: 56ms
updating project structure from ...
getTemplateReferences: 0ms
getTemplateReferences: 0ms
updated: ng - 0ms
getDiagnostics: 13ms
updating project structure from ...
getTemplateReferences: 0ms
getTemplateReferences: 0ms
updated: ng - 12ms
getCompletions: 22ms
getDiagnostics: 70ms
updating project structure from ...
getTemplateReferences: 0ms
getTemplateReferences: 0ms
updated: ng - 0ms
getDiagnostics: 16ms
updating project structure from ...
getTemplateReferences: 0ms
getTemplateReferences: 0ms
updated: ng - 12ms
getHoverAt: 0ms
getDiagnostics: 71ms
updating project structure from ...
getTemplateReferences: 0ms
getTemplateReferences: 0ms
updated: ng - 0ms
getHoverAt: 1ms
getDiagnostics: 15ms
getHoverAt: 0ms
getDiagnostics: 20ms
updating project structure from ...
getTemplateReferences: 0ms
getTemplateReferences: 0ms
updated: ng - 18ms
getCompletions: 24ms
getDiagnostics: 54ms
updating project structure from ...
getTemplateReferences: 0ms
getTemplateReferences: 0ms
updated: ng - 0ms
getCompletions: 12ms
getDiagnostics: 5ms
getDiagnostics: 19ms
getCompletions: 11ms
getCompletions: 15ms
getCompletions: 9ms
getDiagnostics: 19ms
getCompletions: 11ms
getDiagnostics: 5ms
updating project structure from ...
getTemplateReferences: 0ms
getTemplateReferences: 0ms
updated: ng - 12ms
getDiagnostics: 57ms
updating project structure from ...
getTemplateReferences: 0ms
getTemplateReferences: 0ms
updated: ng - 0ms
getHoverAt: 0ms
getDiagnostics: 21ms
getCompletions: 21ms
getCompletions: 13ms
getCompletions: 15ms
getCompletions: 12ms
getCompletions: 17ms
getCompletions: 9ms
getDiagnostics: 23ms
updating project structure from ...
getTemplateReferences: 0ms
getTemplateReferences: 0ms
updated: ng - 18ms
getCompletions: 16ms
getDiagnostics: 65ms
updating project structure from ...
getTemplateReferences: 0ms
getTemplateReferences: 0ms
updated: ng - 0ms
getHoverAt: 0ms
getHoverAt: 0ms
getHoverAt: 0ms
getHoverAt: 0ms
getCompletions: 18ms
getDiagnostics: 17ms
getCompletions: 24ms
getDiagnostics: 21ms
getDiagnostics: 23ms
getDiagnostics: 15ms
updating project structure from ...
getTemplateReferences: 0ms
getTemplateReferences: 0ms
updated: ng - 15ms
getHoverAt: 0ms
getDiagnostics: 76ms
updating project structure from ...
getTemplateReferences: 0ms
getTemplateReferences: 0ms
updated: ng - 0ms
getHoverAt: 0ms
getCompletions: 9ms
getDiagnostics: 27ms
updating project structure from ...
getTemplateReferences: 0ms
getTemplateReferences: 0ms
updated: ng - 16ms
getDiagnostics: 62ms
updating project structure from ...
getTemplateReferences: 0ms
getTemplateReferences: 0ms
updated: ng - 0ms
getDiagnostics: 17ms
updating project structure from ...
getTemplateReferences: 0ms
getTemplateReferences: 0ms
updated: ng - 24ms
getHoverAt: 1ms
getHoverAt: 0ms
getHoverAt: 0ms
Search path: c:/Users/Scott/Documents/GitHub/Final-project-Scott/Client/src/app
Config file name: c:/Users/Scott/Documents/GitHub/Final-project-Scott/Client/tsconfig.json
getTemplateReferences: 64ms
getDiagnostics: 0ms
Search path: c:/Users/Scott/Documents/GitHub/Final-project-Scott/Client/src/app
Config file name: c:/Users/Scott/Documents/GitHub/Final-project-Scott/Client/tsconfig.json
getTemplateReferences: 0ms
getTemplateReferences: 0ms
getDiagnostics: 57ms
getDiagnostics: 124ms
updating project structure from ...
getTemplateReferences: 0ms
getTemplateReferences: 0ms
getTemplateReferences: 0ms
updated: ng - 15ms
getDiagnostics: 78ms
updating project structure from ...
getTemplateReferences: 0ms
getTemplateReferences: 0ms
getTemplateReferences: 0ms
updated: ng - 0ms
getDiagnostics: 26ms
updating project structure from ...
getTemplateReferences: 0ms
getTemplateReferences: 0ms
getTemplateReferences: 0ms
updated: ng - 19ms
getCompletions: 15ms
getDiagnostics: 62ms
getDiagnostics: 31ms
updating project structure from ...
getTemplateReferences: 0ms
getTemplateReferences: 0ms
getTemplateReferences: 0ms
updated: ng - 18ms
getCompletions: 14ms
getDiagnostics: 93ms
getDiagnostics: 15ms
getDiagnostics: 30ms
updating project structure from ...
getTemplateReferences: 0ms
getTemplateReferences: 0ms
getTemplateReferences: 0ms
updated: ng - 17ms
getCompletions: 12ms
getCompletions: 30ms
getDiagnostics: 67ms
updating project structure from ...
getTemplateReferences: 0ms
getTemplateReferences: 0ms
getTemplateReferences: 0ms
updated: ng - 0ms
getDiagnostics: 32ms
updating project structure from ...
getTemplateReferences: 0ms
getTemplateReferences: 0ms
getTemplateReferences: 0ms
updated: ng - 21ms
getDiagnostics: 84ms
getDiagnostics: 33ms
updating project structure from ...
getTemplateReferences: 0ms
getTemplateReferences: 0ms
getTemplateReferences: 0ms
updated: ng - 20ms
getDiagnostics: 84ms
updating project structure from ...
getTemplateReferences: 0ms
getTemplateReferences: 0ms
getTemplateReferences: 0ms
updated: ng - 0ms
Search path: c:/Users/Scott/Documents/GitHub/Final-project-Scott/Client/src/app
Config file name: c:/Users/Scott/Documents/GitHub/Final-project-Scott/Client/tsconfig.json
getTemplateReferences: 0ms
getDiagnostics: 3ms
Search path: c:/Users/Scott/Documents/GitHub/Final-project-Scott/Client/src/app/create-image
Config file name: c:/Users/Scott/Documents/GitHub/Final-project-Scott/Client/tsconfig.json
getTemplateReferences: 0ms
getDiagnostics: 9ms
getDiagnostics: 23ms
updating project structure from ...
getTemplateReferences: 0ms
getTemplateReferences: 0ms
getTemplateReferences: 0ms
updated: ng - 26ms
getCompletions: 25ms
getDiagnostics: 66ms
getDiagnostics: 11ms
getCompletions: 24ms
getDiagnostics: 16ms
getDiagnostics: 22ms
updating project structure from ...
getTemplateReferences: 0ms
getTemplateReferences: 0ms
getTemplateReferences: 0ms
updated: ng - 20ms
getDiagnostics: 69ms
updating project structure from ...
getTemplateReferences: 0ms
getTemplateReferences: 0ms
getTemplateReferences: 0ms
updated: ng - 0ms
Search path: c:/Users/Scott/Documents/GitHub/Final-project-Scott/Client/src/app
Config file name: c:/Users/Scott/Documents/GitHub/Final-project-Scott/Client/tsconfig.json
getTemplateReferences: 0ms
getDiagnostics: 4ms
getDiagnostics: 13ms
updating project structure from ...
getTemplateReferences: 0ms
getTemplateReferences: 0ms
getTemplateReferences: 0ms
updated: ng - 25ms
getHoverAt: 0ms
getHoverAt: 0ms
getDiagnostics: 101ms
updating project structure from ...
getTemplateReferences: 0ms
getTemplateReferences: 0ms
getTemplateReferences: 0ms
updated: ng - 0ms
getDiagnostics: 15ms
updating project structure from ...
getTemplateReferences: 0ms
getTemplateReferences: 0ms
getTemplateReferences: 0ms
updated: ng - 19ms
getCompletions: 23ms
getCompletions: 11ms
getCompletions: 25ms
getCompletions: 12ms
getDiagnostics: 88ms
getDiagnostics: 14ms
updating project structure from ...
getTemplateReferences: 0ms
getTemplateReferences: 0ms
getTemplateReferences: 1ms
updated: ng - 22ms
Search path: c:/Users/Scott/Documents/GitHub/Final-project-Scott/Client/src/app
Config file name: c:/Users/Scott/Documents/GitHub/Final-project-Scott/Client/tsconfig.json
getTemplateReferences: 88ms
getDiagnostics: 6ms
getDiagnostics: 27ms
getDiagnostics: 24ms
updating project structure from ...
getTemplateReferences: 0ms
getTemplateReferences: 0ms
getTemplateReferences: 0ms
updated: ng - 19ms
Search path: c:/Users/Scott/Documents/GitHub/Final-project-Scott/Client/src/app
Config file name: c:/Users/Scott/Documents/GitHub/Final-project-Scott/Client/tsconfig.json
getTemplateReferences: 53ms
getDiagnostics: 1ms
getHoverAt: 0ms
getDiagnostics: 12ms
getDiagnostics: 27ms
getDiagnostics: 13ms
updating project structure from ...
getTemplateReferences: 0ms
getTemplateReferences: 0ms
getTemplateReferences: 0ms
updated: ng - 19ms
getHoverAt: 37ms
getHoverAt: 6ms
getHoverAt: 3ms
getHoverAt: 7ms
getHoverAt: 6ms
getDiagnostics: 67ms
updating project structure from ...
getTemplateReferences: 0ms
getTemplateReferences: 0ms
getTemplateReferences: 0ms
updated: ng - 0ms
getDiagnostics: 62ms
updating project structure from ...
getTemplateReferences: 0ms
getTemplateReferences: 0ms
getTemplateReferences: 0ms
updated: ng - 0ms
getDiagnostics: 58ms
getDiagnostics: 59ms
getDiagnostics: 53ms
updating project structure from ...
getTemplateReferences: 0ms
getTemplateReferences: 0ms
getTemplateReferences: 0ms
updated: ng - 1ms
getHoverAt: 4ms
getHoverAt: 8ms
getCompletions: 74ms
getCompletions: 68ms
getDiagnostics: 59ms
getDiagnostics: 70ms
updating project structure from ...
getTemplateReferences: 0ms
getTemplateReferences: 0ms
getTemplateReferences: 0ms
updated: ng - 0ms
getCompletions: 67ms
getDiagnostics: 7ms
updating project structure from ...
getTemplateReferences: 0ms
getTemplateReferences: 0ms
getTemplateReferences: 0ms
updated: ng - 0ms
getHoverAt: 0ms
getDiagnostics: 81ms
updating project structure from ...
getTemplateReferences: 0ms
getTemplateReferences: 0ms
getTemplateReferences: 0ms
updated: ng - 0ms
getCompletions: 43ms
getDiagnostics: 63ms
updating project structure from ...
getTemplateReferences: 0ms
getTemplateReferences: 0ms
getTemplateReferences: 0ms
updated: ng - 0ms
getCompletions: 39ms
getDiagnostics: 22ms
updating project structure from ...
getTemplateReferences: 0ms
getTemplateReferences: 0ms
getTemplateReferences: 0ms
updated: ng - 0ms
getDiagnostics: 39ms
getDiagnostics: 53ms
updating project structure from ...
getTemplateReferences: 0ms
getTemplateReferences: 0ms
getTemplateReferences: 0ms
updated: ng - 0ms
getDiagnostics: 27ms
getDiagnostics: 77ms
updating project structure from ...
getTemplateReferences: 0ms
getTemplateReferences: 0ms
getTemplateReferences: 0ms
updated: ng - 0ms
getDiagnostics: 40ms
updating project structure from ...
getTemplateReferences: 21ms
getTemplateReferences: 0ms
getTemplateReferences: 0ms
updated: ng - 0ms
getHoverAt: 4ms
getDiagnostics: 46ms
updating project structure from ...
getTemplateReferences: 19ms
getTemplateReferences: 0ms
getTemplateReferences: 0ms
updated: ng - 0ms
getDiagnostics: 42ms
getCompletions: 68ms
getDiagnostics: 5ms
updating project structure from ...
getTemplateReferences: 0ms
getTemplateReferences: 0ms
getTemplateReferences: 0ms
updated: ng - 0ms
getDiagnostics: 29ms
updating project structure from ...
getTemplateReferences: 23ms
getTemplateReferences: 3ms
getTemplateReferences: 0ms
updated: ng - 0ms
getHoverAt: 2ms
getHoverAt: 4ms
getHoverAt: 4ms
getHoverAt: 6ms
getDefinitionAt: 5ms
getDefinitionAt: 4ms
getDefinitionAt: 5ms
getDefinitionAt: 5ms
getDefinitionAt: 5ms
getDefinitionAt: 5ms
getDefinitionAt: 3ms
getDefinitionAt: 9ms
getDefinitionAt: 5ms
getDefinitionAt: 4ms
getDiagnostics: 64ms
updating project structure from ...
getTemplateReferences: 0ms
getTemplateReferences: 0ms
getTemplateReferences: 0ms
updated: ng - 0ms
getDiagnostics: 59ms
getDiagnostics: 60ms
updating project structure from ...
getTemplateReferences: 0ms
getTemplateReferences: 0ms
getTemplateReferences: 0ms
updated: ng - 0ms
getCompletions: 31ms
getDiagnostics: 50ms
updating project structure from ...
getTemplateReferences: 0ms
getTemplateReferences: 0ms
getTemplateReferences: 0ms
updated: ng - 0ms
getDiagnostics: 53ms
updating project structure from ...
getTemplateReferences: 0ms
getTemplateReferences: 0ms
getTemplateReferences: 0ms
updated: ng - 0ms
getDiagnostics: 69ms
updating project structure from ...
getTemplateReferences: 0ms
getTemplateReferences: 0ms
getTemplateReferences: 0ms
updated: ng - 0ms
getHoverAt: 5ms
getHoverAt: 5ms
getDefinitionAt: 2ms
getDefinitionAt: 2ms
getDefinitionAt: 2ms
getDefinitionAt: 7ms
getDiagnostics: 61ms
updating project structure from ...
getTemplateReferences: 29ms
getTemplateReferences: 0ms
getTemplateReferences: 0ms
updated: ng - 0ms
getHoverAt: 11ms
getHoverAt: 4ms
getHoverAt: 6ms
getHoverAt: 6ms
getDiagnostics: 53ms
getDiagnostics: 66ms
getDiagnostics: 55ms
updating project structure from ...
getTemplateReferences: 0ms
getTemplateReferences: 0ms
getTemplateReferences: 0ms
updated: ng - 0ms
getDiagnostics: 28ms
updating project structure from ...
getTemplateReferences: 0ms
getTemplateReferences: 0ms
getTemplateReferences: 0ms
updated: ng - 25ms
getDiagnostics: 83ms
updating project structure from ...
getTemplateReferences: 0ms
getTemplateReferences: 0ms
getTemplateReferences: 0ms
updated: ng - 0ms
getHoverAt: 10ms
getCompletions: 45ms
getDiagnostics: 77ms
getDiagnostics: 61ms
getCompletions: 56ms
getDiagnostics: 92ms
updating project structure from ...
getTemplateReferences: 0ms
getTemplateReferences: 0ms
getTemplateReferences: 0ms
updated: ng - 0ms
getDiagnostics: 69ms
updating project structure from ...
getTemplateReferences: 0ms
getTemplateReferences: 0ms
getTemplateReferences: 0ms
updated: ng - 0ms
getDiagnostics: 67ms
updating project structure from ...
getTemplateReferences: 25ms
getTemplateReferences: 0ms
getTemplateReferences: 0ms
updated: ng - 0ms
getDiagnostics: 30ms
updating project structure from ...
getTemplateReferences: 19ms
getTemplateReferences: 0ms
getTemplateReferences: 0ms
updated: ng - 0ms
getHoverAt: 0ms
getDiagnostics: 38ms
updating project structure from ...
getTemplateReferences: 28ms
getTemplateReferences: 0ms
getTemplateReferences: 0ms
updated: ng - 0ms
getDiagnostics: 40ms
updating project structure from ...
getTemplateReferences: 28ms
getTemplateReferences: 0ms
getTemplateReferences: 0ms
updated: ng - 0ms
getHoverAt: 0ms
getHoverAt: 0ms
getDiagnostics: 42ms
updating project structure from ...
getTemplateReferences: 27ms
getTemplateReferences: 0ms
getTemplateReferences: 0ms
updated: ng - 0ms
getHoverAt: 11ms
getDiagnostics: 21ms
updating project structure from ...
getTemplateReferences: 22ms
getTemplateReferences: 0ms
getTemplateReferences: 0ms
updated: ng - 0ms
getDiagnostics: 41ms
updating project structure from ...
getTemplateReferences: 21ms
getTemplateReferences: 0ms
getTemplateReferences: 0ms
updated: ng - 0ms
getDefinitionAt: 15ms
getHoverAt: 0ms
getDefinitionAt: 0ms
getDiagnostics: 27ms
updating project structure from ...
getTemplateReferences: 30ms
getTemplateReferences: 0ms
getTemplateReferences: 0ms
updated: ng - 0ms
getDiagnostics: 44ms
updating project structure from ...
getTemplateReferences: 30ms
getTemplateReferences: 0ms
getTemplateReferences: 0ms
updated: ng - 0ms
getDiagnostics: 39ms
updating project structure from ...
getTemplateReferences: 26ms
getTemplateReferences: 0ms
getTemplateReferences: 0ms
updated: ng - 0ms
getDiagnostics: 39ms
updating project structure from ...
getTemplateReferences: 20ms
getTemplateReferences: 0ms
getTemplateReferences: 0ms
updated: ng - 0ms
getDiagnostics: 41ms
getHoverAt: 18ms
getDiagnostics: 57ms
updating project structure from ...
getTemplateReferences: 0ms
getTemplateReferences: 0ms
getTemplateReferences: 0ms
updated: ng - 0ms
getDiagnostics: 34ms
updating project structure from ...
getTemplateReferences: 27ms
getTemplateReferences: 0ms
getTemplateReferences: 0ms
updated: ng - 0ms
getHoverAt: 12ms
getDiagnostics: 29ms
updating project structure from ...
getTemplateReferences: 34ms
getTemplateReferences: 0ms
getTemplateReferences: 0ms
updated: ng - 0ms
getDiagnostics: 31ms
updating project structure from ...
getTemplateReferences: 29ms
getTemplateReferences: 0ms
getTemplateReferences: 0ms
updated: ng - 0ms
getDiagnostics: 35ms
updating project structure from ...
getTemplateReferences: 40ms
getTemplateReferences: 0ms
getTemplateReferences: 0ms
updated: ng - 0ms
getDiagnostics: 40ms
updating project structure from ...
getTemplateReferences: 37ms
getTemplateReferences: 0ms
getTemplateReferences: 0ms
updated: ng - 0ms
getDiagnostics: 48ms
updating project structure from ...
getTemplateReferences: 28ms
getTemplateReferences: 0ms
getTemplateReferences: 0ms
updated: ng - 0ms
getDiagnostics: 30ms
updating project structure from ...
getTemplateReferences: 31ms
getTemplateReferences: 0ms
getTemplateReferences: 0ms
updated: ng - 0ms
getHoverAt: 0ms
getDiagnostics: 33ms
updating project structure from ...
getTemplateReferences: 22ms
getTemplateReferences: 0ms
getTemplateReferences: 0ms
updated: ng - 0ms
getHoverAt: 0ms
getDiagnostics: 27ms
updating project structure from ...
getTemplateReferences: 28ms
getTemplateReferences: 0ms
getTemplateReferences: 0ms
updated: ng - 0ms
getDiagnostics: 20ms
updating project structure from ...
getTemplateReferences: 0ms
getTemplateReferences: 0ms
getTemplateReferences: 0ms
updated: ng - 16ms
getHoverAt: 0ms
getDiagnostics: 66ms
updating project structure from ...
getTemplateReferences: 0ms
getTemplateReferences: 0ms
getTemplateReferences: 0ms
updated: ng - 0ms
getHoverAt: 0ms
getHoverAt: 0ms
getHoverAt: 0ms
getHoverAt: 0ms
getHoverAt: 0ms
getDiagnostics: 23ms
getDiagnostics: 28ms
getDiagnostics: 21ms
updating project structure from ...
getTemplateReferences: 0ms
getTemplateReferences: 0ms
getTemplateReferences: 0ms
updated: ng - 12ms
getCompletions: 10ms
getDiagnostics: 60ms
getDiagnostics: 10ms
updating project structure from ...
getTemplateReferences: 0ms
getTemplateReferences: 0ms
getTemplateReferences: 0ms
updated: ng - 11ms
getHoverAt: 0ms
getHoverAt: 0ms
getHoverAt: 0ms
getHoverAt: 0ms
getHoverAt: 0ms
getHoverAt: 0ms
getHoverAt: 0ms
getHoverAt: 1ms
getHoverAt: 0ms
getHoverAt: 0ms
getHoverAt: 0ms
getDiagnostics: 81ms
updating project structure from ...
getTemplateReferences: 0ms
getTemplateReferences: 0ms
getTemplateReferences: 0ms
updated: ng - 0ms
getHoverAt: 0ms
getHoverAt: 0ms
getHoverAt: 0ms
getHoverAt: 0ms
getHoverAt: 0ms
getHoverAt: 0ms
getHoverAt: 0ms
getHoverAt: 0ms
getCompletions: 15ms
getDiagnostics: 23ms
updating project structure from ...
getTemplateReferences: 0ms
getTemplateReferences: 0ms
getTemplateReferences: 0ms
updated: ng - 26ms
getHoverAt: 0ms
getHoverAt: 0ms
getHoverAt: 1ms
getDiagnostics: 79ms
updating project structure from ...
getTemplateReferences: 0ms
getTemplateReferences: 0ms
getTemplateReferences: 0ms
updated: ng - 0ms
getHoverAt: 0ms
getHoverAt: 0ms
getHoverAt: 0ms
getHoverAt: 0ms
getDiagnostics: 23ms
updating project structure from ...
getTemplateReferences: 0ms
getTemplateReferences: 0ms
getTemplateReferences: 0ms
updated: ng - 14ms
getDiagnostics: 52ms
updating project structure from ...
getTemplateReferences: 0ms
getTemplateReferences: 0ms
getTemplateReferences: 0ms
updated: ng - 0ms
getHoverAt: 0ms
getDiagnostics: 19ms
updating project structure from ...
getTemplateReferences: 0ms
getTemplateReferences: 0ms
getTemplateReferences: 0ms
updated: ng - 14ms
getDiagnostics: 66ms
updating project structure from ...
getTemplateReferences: 0ms
getTemplateReferences: 0ms
getTemplateReferences: 0ms
updated: ng - 0ms
getDiagnostics: 19ms
updating project structure from ...
getTemplateReferences: 0ms
getTemplateReferences: 0ms
getTemplateReferences: 0ms
updated: ng - 18ms
getDiagnostics: 54ms
updating project structure from ...
getTemplateReferences: 0ms
getTemplateReferences: 0ms
getTemplateReferences: 0ms
updated: ng - 0ms
getDiagnostics: 19ms
updating project structure from ...
getTemplateReferences: 0ms
getTemplateReferences: 0ms
getTemplateReferences: 0ms
updated: ng - 13ms
getDiagnostics: 54ms
updating project structure from ...
getTemplateReferences: 0ms
getTemplateReferences: 0ms
getTemplateReferences: 0ms
updated: ng - 0ms
getHoverAt: 0ms
getHoverAt: 0ms
getHoverAt: 0ms
getHoverAt: 0ms
getHoverAt: 1ms
getHoverAt: 0ms
getHoverAt: 0ms
getHoverAt: 0ms
getHoverAt: 1ms
getHoverAt: 0ms
getHoverAt: 0ms
getDiagnostics: 26ms
updating project structure from ...
getTemplateReferences: 0ms
getTemplateReferences: 0ms
getTemplateReferences: 0ms
updated: ng - 24ms
getDiagnostics: 64ms
getDiagnostics: 26ms
getDiagnostics: 15ms
updating project structure from ...
getTemplateReferences: 0ms
getTemplateReferences: 0ms
getTemplateReferences: 0ms
updated: ng - 14ms
getHoverAt: 1ms
getHoverAt: 0ms
getCompletions: 23ms
getDiagnostics: 53ms
updating project structure from ...
getTemplateReferences: 0ms
getTemplateReferences: 0ms
getTemplateReferences: 0ms
updated: ng - 1ms
getCompletions: 12ms
getDiagnostics: 3ms
getDiagnostics: 37ms
updating project structure from ...
getTemplateReferences: 0ms
getTemplateReferences: 0ms
getTemplateReferences: 0ms
updated: ng - 18ms
getDiagnostics: 72ms
updating project structure from ...
getTemplateReferences: 0ms
getTemplateReferences: 0ms
getTemplateReferences: 0ms
updated: ng - 0ms
getCompletions: 34ms
getDiagnostics: 3ms
updating project structure from ...
getTemplateReferences: 0ms
getTemplateReferences: 0ms
getTemplateReferences: 0ms
updated: ng - 21ms
getDiagnostics: 59ms
updating project structure from ...
getTemplateReferences: 0ms
getTemplateReferences: 0ms
getTemplateReferences: 0ms
updated: ng - 0ms
getHoverAt: 0ms
getDiagnostics: 18ms
updating project structure from ...
getTemplateReferences: 0ms
getTemplateReferences: 0ms
getTemplateReferences: 0ms
updated: ng - 22ms
getHoverAt: 0ms
getCompletions: 18ms
getDiagnostics: 73ms
updating project structure from ...
getTemplateReferences: 0ms
getTemplateReferences: 0ms
getTemplateReferences: 0ms
updated: ng - 0ms
getHoverAt: 0ms
getCompletions: 33ms
getDiagnostics: 4ms
updating project structure from ...
getTemplateReferences: 0ms
getTemplateReferences: 0ms
getTemplateReferences: 0ms
updated: ng - 14ms
getDiagnostics: 65ms
updating project structure from ...
getTemplateReferences: 0ms
getTemplateReferences: 0ms
getTemplateReferences: 0ms
updated: ng - 0ms
getDiagnostics: 23ms
updating project structure from ...
getTemplateReferences: 0ms
getTemplateReferences: 0ms
getTemplateReferences: 0ms
updated: ng - 17ms
getHoverAt: 0ms
getHoverAt: 0ms
getDiagnostics: 64ms
updating project structure from ...
getTemplateReferences: 0ms
getTemplateReferences: 0ms
getTemplateReferences: 0ms
updated: ng - 0ms
getHoverAt: 0ms
getDiagnostics: 18ms
getDiagnostics: 17ms
getDiagnostics: 33ms
updating project structure from ...
getTemplateReferences: 0ms
getTemplateReferences: 0ms
getTemplateReferences: 0ms
updated: ng - 17ms
getDiagnostics: 65ms
getCompletions: 24ms
getDiagnostics: 2ms
updating project structure from ...
getTemplateReferences: 0ms
getTemplateReferences: 0ms
getTemplateReferences: 0ms
updated: ng - 15ms
getDiagnostics: 67ms
updating project structure from ...
getTemplateReferences: 0ms
getTemplateReferences: 0ms
getTemplateReferences: 0ms
updated: ng - 0ms
getCompletions: 14ms
getDiagnostics: 4ms
getCompletions: 13ms
getDiagnostics: 20ms
updating project structure from ...
getTemplateReferences: 0ms
getTemplateReferences: 0ms
getTemplateReferences: 0ms
updated: ng - 22ms
getHoverAt: 0ms
getHoverAt: 0ms
getHoverAt: 0ms
getHoverAt: 0ms
getHoverAt: 0ms
getHoverAt: 0ms
getCompletions: 17ms
getDiagnostics: 51ms
updating project structure from ...
getTemplateReferences: 0ms
getTemplateReferences: 0ms
getTemplateReferences: 0ms
updated: ng - 2ms
getHoverAt: 0ms
getDiagnostics: 30ms
updating project structure from ...
getTemplateReferences: 0ms
getTemplateReferences: 0ms
getTemplateReferences: 0ms
updated: ng - 23ms
getCompletions: 12ms
getDiagnostics: 69ms
getDiagnostics: 13ms
updating project structure from ...
getTemplateReferences: 0ms
getTemplateReferences: 0ms
getTemplateReferences: 0ms
updated: ng - 16ms
getCompletions: 17ms
getCompletions: 12ms
getDiagnostics: 45ms
updating project structure from ...
getTemplateReferences: 0ms
getTemplateReferences: 0ms
getTemplateReferences: 0ms
updated: ng - 0ms
getHoverAt: 0ms
getDiagnostics: 19ms
updating project structure from ...
getTemplateReferences: 0ms
getTemplateReferences: 0ms
getTemplateReferences: 0ms
updated: ng - 18ms
getHoverAt: 0ms
getHoverAt: 0ms
getDiagnostics: 46ms
getDiagnostics: 17ms
updating project structure from ...
getTemplateReferences: 0ms
getTemplateReferences: 0ms
getTemplateReferences: 0ms
updated: ng - 14ms
getDiagnostics: 55ms
updating project structure from ...
getTemplateReferences: 0ms
getTemplateReferences: 0ms
getTemplateReferences: 0ms
updated: ng - 0ms
getHoverAt: 0ms
getHoverAt: 0ms
getCompletions: 19ms
getDiagnostics: 2ms
getDiagnostics: 18ms
updating project structure from ...
getTemplateReferences: 0ms
getTemplateReferences: 0ms
getTemplateReferences: 0ms
updated: ng - 16ms
getHoverAt: 0ms
getDiagnostics: 88ms
getCompletions: 15ms
getDiagnostics: 5ms
updating project structure from ...
getTemplateReferences: 0ms
getTemplateReferences: 0ms
getTemplateReferences: 0ms
updated: ng - 17ms
getHoverAt: 0ms
getHoverAt: 0ms
getHoverAt: 0ms
getCompletions: 22ms
getDiagnostics: 64ms
updating project structure from ...
getTemplateReferences: 0ms
getTemplateReferences: 0ms
getTemplateReferences: 0ms
updated: ng - 0ms
getDiagnostics: 15ms
getDiagnostics: 19ms
getCompletions: 131ms
getDiagnostics: 3ms
getDiagnostics: 20ms
updating project structure from ...
getTemplateReferences: 0ms
getTemplateReferences: 0ms
getTemplateReferences: 0ms
updated: ng - 21ms
getDiagnostics: 68ms
updating project structure from ...
getTemplateReferences: 0ms
getTemplateReferences: 0ms
getTemplateReferences: 0ms
updated: ng - 0ms
getDiagnostics: 20ms
updating project structure from ...
getTemplateReferences: 0ms
getTemplateReferences: 0ms
getTemplateReferences: 0ms
updated: ng - 13ms
getDiagnostics: 61ms
updating project structure from ...
getTemplateReferences: 0ms
getTemplateReferences: 0ms
getTemplateReferences: 0ms
updated: ng - 0ms
getCompletions: 20ms
getDiagnostics: 20ms
getDiagnostics: 45ms
getDiagnostics: 75ms
getDiagnostics: 107ms
getCompletions: 60ms
getDiagnostics: 97ms
getDiagnostics: 63ms
getDiagnostics: 90ms
updating project structure from ...
getTemplateReferences: 0ms
getTemplateReferences: 0ms
getTemplateReferences: 0ms
updated: ng - 14ms
getDiagnostics: 124ms
updating project structure from ...
getTemplateReferences: 0ms
getTemplateReferences: 0ms
getTemplateReferences: 0ms
updated: ng - 0ms
getDiagnostics: 538ms
updating project structure from ...
getTemplateReferences: 0ms
getTemplateReferences: 0ms
getTemplateReferences: 0ms
updated: ng - 34ms
getDiagnostics: 153ms
getDiagnostics: 113ms
updating project structure from ...
getTemplateReferences: 0ms
getTemplateReferences: 0ms
getTemplateReferences: 0ms
updated: ng - 13ms
getDiagnostics: 63ms
updating project structure from ...
getTemplateReferences: 0ms
getTemplateReferences: 0ms
getTemplateReferences: 0ms
updated: ng - 0ms
getHoverAt: 0ms
getHoverAt: 0ms
getHoverAt: 0ms
getDiagnostics: 35ms
updating project structure from ...
getTemplateReferences: 0ms
getTemplateReferences: 0ms
getTemplateReferences: 0ms
updated: ng - 15ms
getDiagnostics: 75ms
updating project structure from ...
getTemplateReferences: 0ms
getTemplateReferences: 0ms
getTemplateReferences: 0ms
updated: ng - 0ms
getHoverAt: 0ms
getDiagnostics: 19ms
updating project structure from ...
getTemplateReferences: 0ms
getTemplateReferences: 0ms
getTemplateReferences: 0ms
updated: ng - 22ms
getDiagnostics: 91ms
updating project structure from ...
getTemplateReferences: 0ms
getTemplateReferences: 0ms
getTemplateReferences: 0ms
updated: ng - 0ms
getHoverAt: 0ms
getHoverAt: 0ms
getHoverAt: 0ms
getHoverAt: 0ms
getHoverAt: 0ms
getHoverAt: 0ms
getHoverAt: 0ms
getHoverAt: 0ms
getHoverAt: 1ms
getHoverAt: 0ms
getDiagnostics: 42ms
updating project structure from ...
getTemplateReferences: 0ms
getTemplateReferences: 0ms
getTemplateReferences: 0ms
updated: ng - 17ms
getHoverAt: 0ms
getDiagnostics: 69ms
updating project structure from ...
getTemplateReferences: 0ms
getTemplateReferences: 0ms
getTemplateReferences: 0ms
updated: ng - 0ms
getHoverAt: 0ms
getDiagnostics: 22ms
updating project structure from ...
getTemplateReferences: 0ms
getTemplateReferences: 0ms
getTemplateReferences: 0ms
updated: ng - 21ms
getHoverAt: 0ms
getHoverAt: 0ms
getHoverAt: 0ms
getHoverAt: 0ms
getHoverAt: 0ms
getHoverAt: 1ms
getHoverAt: 1ms
getDiagnostics: 130ms
updating project structure from ...
getTemplateReferences: 0ms
getTemplateReferences: 0ms
getTemplateReferences: 0ms
updated: ng - 0ms
getHoverAt: 0ms
getHoverAt: 0ms
getHoverAt: 0ms
getDiagnostics: 23ms
getDiagnostics: 22ms
updating project structure from ...
getTemplateReferences: 0ms
getTemplateReferences: 0ms
getTemplateReferences: 0ms
updated: ng - 16ms
getDiagnostics: 82ms
updating project structure from ...
getTemplateReferences: 0ms
getTemplateReferences: 0ms
getTemplateReferences: 0ms
updated: ng - 0ms
getDiagnostics: 30ms
updating project structure from ...
getTemplateReferences: 0ms
getTemplateReferences: 0ms
getTemplateReferences: 0ms
updated: ng - 30ms
getHoverAt: 1ms
getHoverAt: 1ms
getHoverAt: 0ms
getDiagnostics: 97ms
updating project structure from ...
getTemplateReferences: 0ms
getTemplateReferences: 0ms
getTemplateReferences: 0ms
updated: ng - 0ms
getCompletions: 11ms
getDiagnostics: 16ms
updating project structure from ...
getTemplateReferences: 0ms
getTemplateReferences: 0ms
getTemplateReferences: 0ms
updated: ng - 18ms
getHoverAt: 0ms
Warning: Can't resolve all parameters for ImageService in c:/Users/Scott/Documents/GitHub/Final-project-Scott/Client/src/app/create-image/Image.service.ts: (?). This will become an error in Angular v6.x
getDiagnostics: 69ms
updating project structure from ...
getTemplateReferences: 0ms
getTemplateReferences: 0ms
getTemplateReferences: 0ms
updated: ng - 0ms
getHoverAt: 1ms
getCompletions: 21ms
getDiagnostics: 3ms
getDiagnostics: 34ms
getDiagnostics: 29ms
updating project structure from ...
Warning: Can't resolve all parameters for ImageService in c:/Users/Scott/Documents/GitHub/Final-project-Scott/Client/src/app/create-image/Image.service.ts: (?). This will become an error in Angular v6.x
getTemplateReferences: 0ms
getTemplateReferences: 0ms
getTemplateReferences: 0ms
updated: ng - 16ms
getDiagnostics: 67ms
updating project structure from ...
getTemplateReferences: 0ms
getTemplateReferences: 0ms
getTemplateReferences: 0ms
updated: ng - 0ms
getDiagnostics: 41ms
updating project structure from ...
getTemplateReferences: 34ms
getTemplateReferences: 0ms
getTemplateReferences: 0ms
updated: ng - 0ms
getDiagnostics: 52ms
updating project structure from ...
getTemplateReferences: 21ms
getTemplateReferences: 0ms
getTemplateReferences: 0ms
updated: ng - 0ms
getHoverAt: 6ms
getHoverAt: 6ms
getCompletions: 71ms
getDiagnostics: 61ms
updating project structure from ...
getTemplateReferences: 0ms
getTemplateReferences: 0ms
getTemplateReferences: 0ms
updated: ng - 0ms
getCompletions: 66ms
getDiagnostics: 73ms
getCompletions: 58ms
getDiagnostics: 59ms
getCompletions: 72ms
getCompletions: 80ms
getDiagnostics: 4ms
updating project structure from ...
getTemplateReferences: 0ms
getTemplateReferences: 0ms
getTemplateReferences: 0ms
updated: ng - 0ms
getHoverAt: 0ms
Search path: c:/Users/Scott/Documents/GitHub/Final-project-Scott/Client/src/app/create-image
Config file name: c:/Users/Scott/Documents/GitHub/Final-project-Scott/Client/tsconfig.json
getTemplateReferences: 0ms
getTemplateReferences: 0ms
Search path: c:/Users/Scott/Documents/GitHub/Final-project-Scott/Client/src/app
Config file name: c:/Users/Scott/Documents/GitHub/Final-project-Scott/Client/tsconfig.json
getTemplateReferences: 0ms
Search path: c:/Users/Scott/Documents/GitHub/Final-project-Scott/Client/src/app/create-image
Config file name: c:/Users/Scott/Documents/GitHub/Final-project-Scott/Client/tsconfig.json
getTemplateReferences: 0ms
Search path: c:/Users/Scott/Documents/GitHub/Final-project-Scott/Client/src/app/create-image
Config file name: c:/Users/Scott/Documents/GitHub/Final-project-Scott/Client/tsconfig.json
getTemplateReferences: 0ms
getHoverAt: 0ms
getDiagnostics: 29ms
getDiagnostics: 94ms
updating project structure from ...
getTemplateReferences: 0ms
getTemplateReferences: 0ms
getTemplateReferences: 0ms
updated: ng - 0ms
getDiagnostics: 31ms
updating project structure from ...
getTemplateReferences: 21ms
getTemplateReferences: 0ms
getTemplateReferences: 0ms
updated: ng - 0ms
Search path: c:/Users/Scott/Documents/GitHub/Final-project-Scott/Client/src/app/create-image
Config file name: c:/Users/Scott/Documents/GitHub/Final-project-Scott/Client/tsconfig.json
getTemplateReferences: 0ms
getDiagnostics: 35ms
getHoverAt: 0ms
getHoverAt: 0ms
getHoverAt: 0ms
getHoverAt: 0ms
getHoverAt: 1ms
getHoverAt: 0ms
getHoverAt: 1ms
getCompletions: 13ms
getDiagnostics: 61ms
updating project structure from ...
getTemplateReferences: 0ms
getTemplateReferences: 0ms
getTemplateReferences: 0ms
updated: ng - 0ms
Search path: c:/Users/Scott/Documents/GitHub/Final-project-Scott/Client/src/app/create-image
Config file name: c:/Users/Scott/Documents/GitHub/Final-project-Scott/Client/tsconfig.json
getTemplateReferences: 0ms
getDiagnostics: 24ms
getHoverAt: 0ms
getHoverAt: 0ms
getHoverAt: 0ms
getHoverAt: 1ms
getHoverAt: 0ms
getHoverAt: 0ms
getHoverAt: 0ms
getDiagnostics: 81ms
updating project structure from ...
getTemplateReferences: 0ms
getTemplateReferences: 0ms
getTemplateReferences: 0ms
updated: ng - 0ms
getDiagnostics: 36ms
updating project structure from ...
getTemplateReferences: 21ms
getTemplateReferences: 0ms
getTemplateReferences: 0ms
updated: ng - 0ms
getDiagnostics: 40ms
getDiagnostics: 66ms
updating project structure from ...
getTemplateReferences: 0ms
getTemplateReferences: 0ms
getTemplateReferences: 0ms
updated: ng - 0ms
Search path: c:/Users/Scott/Documents/GitHub/Final-project-Scott/Client/src/app/create-image
Config file name: c:/Users/Scott/Documents/GitHub/Final-project-Scott/Client/tsconfig.json
getTemplateReferences: 0ms
getDiagnostics: 22ms
getHoverAt: 0ms
getHoverAt: 0ms
