[2019-05-14 15:07:35.147] [exthost] [info] extension host started
[2019-05-14 15:07:35.538] [exthost] [info] extension host started
[2019-05-14 15:07:35.552] [exthost] [info] ExtensionService#_doActivateExtension vscode.debug-auto-launch {"startup":true,"activationEvent":"*"}
[2019-05-14 15:07:35.552] [exthost] [info] ExtensionService#loadCommonJSModule c:\Users\Scott\.codemix\engine\resources\app\extensions\debug-auto-launch\dist\extension
[2019-05-14 15:07:35.556] [exthost] [info] ExtensionService#_doActivateExtension vscode.emmet {"startup":true,"activationEvent":"*"}
[2019-05-14 15:07:35.556] [exthost] [info] ExtensionService#loadCommonJSModule c:\Users\Scott\.codemix\engine\resources\app\extensions\emmet\dist\extension
[2019-05-14 15:07:35.573] [exthost] [info] ExtensionService#_doActivateExtension vscode.merge-conflict {"startup":true,"activationEvent":"*"}
[2019-05-14 15:07:35.573] [exthost] [info] ExtensionService#loadCommonJSModule c:\Users\Scott\.codemix\engine\resources\app\extensions\merge-conflict\dist\extension
[2019-05-14 15:07:35.580] [exthost] [info] ExtensionService#_doActivateExtension christian-kohler.path-intellisense {"startup":true,"activationEvent":"*"}
[2019-05-14 15:07:35.580] [exthost] [info] ExtensionService#loadCommonJSModule C:\Users\Scott\.codemix\extensions\christian-kohler.path-intellisense-1.4.2\out\src\extension
[2019-05-14 15:07:35.596] [exthost] [info] ExtensionService#_doActivateExtension dbaeumer.vscode-eslint {"startup":true,"activationEvent":"*"}
[2019-05-14 15:07:35.596] [exthost] [info] ExtensionService#loadCommonJSModule C:\Users\Scott\.codemix\extensions\dbaeumer.vscode-eslint-1.8.2\client\out\extension
[2019-05-14 15:07:35.658] [exthost] [info] ExtensionService#_doActivateExtension formulahendry.auto-close-tag {"startup":true,"activationEvent":"*"}
[2019-05-14 15:07:35.658] [exthost] [info] ExtensionService#loadCommonJSModule C:\Users\Scott\.codemix\extensions\formulahendry.auto-close-tag-0.5.6\out\src\extension
[2019-05-14 15:07:35.660] [exthost] [info] ExtensionService#_doActivateExtension formulahendry.auto-rename-tag {"startup":true,"activationEvent":"*"}
[2019-05-14 15:07:35.660] [exthost] [info] ExtensionService#loadCommonJSModule C:\Users\Scott\.codemix\extensions\formulahendry.auto-rename-tag-0.0.15\out\src\extension
[2019-05-14 15:07:35.664] [exthost] [info] ExtensionService#_doActivateExtension vscode.configuration-editing {"startup":false,"activationEvent":"onLanguage:jsonc"}
[2019-05-14 15:07:35.665] [exthost] [info] ExtensionService#loadCommonJSModule c:\Users\Scott\.codemix\engine\resources\app\extensions\configuration-editing\dist\extension
[2019-05-14 15:07:35.677] [exthost] [info] ExtensionService#_doActivateExtension vscode.json-language-features {"startup":false,"activationEvent":"onLanguage:jsonc"}
[2019-05-14 15:07:35.677] [exthost] [info] ExtensionService#loadCommonJSModule c:\Users\Scott\.codemix\engine\resources\app\extensions\json-language-features\client\dist\jsonMain
[2019-05-14 15:07:35.777] [exthost] [info] ExtensionService#_doActivateExtension vscode.typescript-language-features {"startup":false,"activationEvent":"onLanguage:jsonc"}
[2019-05-14 15:07:35.777] [exthost] [info] ExtensionService#loadCommonJSModule c:\Users\Scott\.codemix\engine\resources\app\extensions\typescript-language-features\dist\extension
[2019-05-14 15:07:35.853] [exthost] [info] ExtensionService#_doActivateExtension vscode.grunt {"startup":false,"activationEvent":"onCommand:workbench.action.tasks.runTask"}
[2019-05-14 15:07:35.853] [exthost] [info] ExtensionService#loadCommonJSModule c:\Users\Scott\.codemix\engine\resources\app\extensions\grunt\dist\main
[2019-05-14 15:07:35.857] [exthost] [info] ExtensionService#_doActivateExtension vscode.gulp {"startup":false,"activationEvent":"onCommand:workbench.action.tasks.runTask"}
[2019-05-14 15:07:35.857] [exthost] [info] ExtensionService#loadCommonJSModule c:\Users\Scott\.codemix\engine\resources\app\extensions\gulp\dist\main
[2019-05-14 15:07:35.863] [exthost] [info] ExtensionService#_doActivateExtension vscode.jake {"startup":false,"activationEvent":"onCommand:workbench.action.tasks.runTask"}
[2019-05-14 15:07:35.863] [exthost] [info] ExtensionService#loadCommonJSModule c:\Users\Scott\.codemix\engine\resources\app\extensions\jake\dist\main
[2019-05-14 15:07:35.870] [exthost] [info] ExtensionService#_doActivateExtension vscode.npm {"startup":false,"activationEvent":"onCommand:workbench.action.tasks.runTask"}
[2019-05-14 15:07:35.870] [exthost] [info] ExtensionService#loadCommonJSModule c:\Users\Scott\.codemix\engine\resources\app\extensions\npm\dist\main
[2019-05-14 15:07:35.887] [exthost] [info] eager extensions activated
[2019-05-14 15:07:36.741] [exthost] [info] ExtensionService#_doActivateExtension vscode.extension-editing {"startup":false,"activationEvent":"onLanguage:typescript"}
[2019-05-14 15:07:36.741] [exthost] [info] ExtensionService#loadCommonJSModule c:\Users\Scott\.codemix\engine\resources\app\extensions\extension-editing\dist\extension
[2019-05-14 15:07:36.801] [exthost] [info] ExtensionService#_doActivateExtension Angular.ng-template {"startup":false,"activationEvent":"onLanguage:typescript"}
[2019-05-14 15:07:36.801] [exthost] [info] ExtensionService#loadCommonJSModule C:\Users\Scott\.codemix\extensions\angular.ng-template-0.1.11\out\extension
[2019-05-14 15:07:36.909] [exthost] [info] ExtensionService#_doActivateExtension ms-vscode.vscode-typescript-tslint-plugin {"startup":false,"activationEvent":"onLanguage:typescript"}
[2019-05-14 15:07:36.909] [exthost] [info] ExtensionService#loadCommonJSModule C:\Users\Scott\.codemix\extensions\ms-vscode.vscode-typescript-tslint-plugin-1.0.0\out\index.js
[2019-05-14 15:07:47.884] [exthost] [info] ExtensionService#_doActivateExtension vscode.html-language-features {"startup":false,"activationEvent":"onLanguage:html"}
[2019-05-14 15:07:47.884] [exthost] [info] ExtensionService#loadCommonJSModule c:\Users\Scott\.codemix\engine\resources\app\extensions\html-language-features\client\dist\htmlMain
[2019-05-14 15:07:47.998] [exthost] [info] ExtensionService#_doActivateExtension mkaufman.HTMLHint {"startup":false,"activationEvent":"onLanguage:html"}
[2019-05-14 15:07:47.998] [exthost] [info] ExtensionService#loadCommonJSModule C:\Users\Scott\.codemix\extensions\mkaufman.htmlhint-0.6.0\out\extension
[2019-05-14 15:08:30.678] [exthost] [info] ExtensionService#_doActivateExtension vscode.debug-server-ready {"startup":false,"activationEvent":"onDebugResolve"}
[2019-05-14 15:08:30.678] [exthost] [info] ExtensionService#loadCommonJSModule c:\Users\Scott\.codemix\engine\resources\app\extensions\debug-server-ready\dist\extension
[2019-05-14 15:08:30.680] [exthost] [info] ExtensionService#_doActivateExtension msjsdiag.debugger-for-chrome {"startup":false,"activationEvent":"onDebugResolve:chrome"}
[2019-05-14 15:08:30.680] [exthost] [info] ExtensionService#loadCommonJSModule C:\Users\Scott\.codemix\extensions\msjsdiag.debugger-for-chrome-4.11.3\out\src\extension
[2019-05-14 15:09:48.105] [exthost] [info] ExtensionService#_doActivateExtension vscode.css-language-features {"startup":false,"activationEvent":"onLanguage:css"}
[2019-05-14 15:09:48.105] [exthost] [info] ExtensionService#loadCommonJSModule c:\Users\Scott\.codemix\engine\resources\app\extensions\css-language-features\client\dist\cssMain
